#
# A fatal error has been detected by the Java Runtime Environment:
#
#  EXCEPTION_ACCESS_VIOLATION (0xc0000005) at pc=0x000000000256a3c5, pid=7564, tid=10200
#
# JRE version: Java(TM) SE Runtime Environment (8.0_25-b18) (build 1.8.0_25-b18)
# Java VM: Java HotSpot(TM) 64-Bit Server VM (25.25-b02 mixed mode windows-amd64 compressed oops)
# Problematic frame:
# V  [jvm.dll+0x11a3c5]
#
# Failed to write core dump. Minidumps are not enabled by default on client versions of Windows
#
# If you would like to submit a bug report, please visit:
#   http://bugreport.sun.com/bugreport/crash.jsp
#

---------------  T H R E A D  ---------------

Current thread (0x000000001da81000):  JavaThread "JDWP Transport Listener: dt_socket" daemon [_thread_in_vm, id=10200, stack(0x000000001e720000,0x000000001e820000)]

siginfo: ExceptionCode=0xc0000005, reading address 0xffffffffffffffff

Registers:
RAX=0x000000001e81f201, RBX=0x000000001da81000, RCX=0x6e61656c6f003b00, RDX=0x0000000000000000
RSP=0x000000001e81f1c0, RBP=0x6e61656c6f003b00, RSI=0x000000001e81f2d8, RDI=0x00000000024492b0
R8 =0x000000001da81000, R9 =0x0000000000000700, R10=0x0000000000000000, R11=0x0000024effff0000
R12=0x0000000000000000, R13=0x000000001da81c38, R14=0x0000000000000000, R15=0x0000000000000000
RIP=0x000000000256a3c5, EFLAGS=0x0000000000010206

Top of Stack: (sp=0x000000001e81f1c0)
0x000000001e81f1c0:   000000001da81000 000000001da81000
0x000000001e81f1d0:   000000001e81f288 00000000027678db
0x000000001e81f1e0:   000000001da81000 000000000278413d
0x000000001e81f1f0:   0000000000000000 00000000618c9149
0x000000001e81f200:   000000001da9d828 00000000618d2912
0x000000001e81f210:   000000001da81000 0000000000000000
0x000000001e81f220:   0000000000000000 0000000000000000
0x000000001e81f230:   6e61656c6f003b00 00000000618d1a09
0x000000001e81f240:   000000001e81f2d8 000000001e81f2b0
0x000000001e81f250:   0000000000000001 000000001da9d828
0x000000001e81f260:   6e61656c6f003b00 00000000618b53b3
0x000000001e81f270:   000000001e81f3a0 0000000000000001
0x000000001e81f280:   0000000000000001 000000001da9d828
0x000000001e81f290:   00000000f000100a 0000000000000000
0x000000001e81f2a0:   0000000000000000 0000000000000000
0x000000001e81f2b0:   0000000000000001 00000000618b5571 

Instructions: (pc=0x000000000256a3c5)
0x000000000256a3a5:   cc cc cc cc cc cc cc cc cc cc cc 48 83 ec 28 48
0x000000000256a3b5:   85 c9 75 07 33 c0 48 83 c4 28 c3 48 89 5c 24 20
0x000000000256a3c5:   48 8b 19 48 85 db 74 20 48 83 fb 37 74 1a 48 8b
0x000000000256a3d5:   13 48 8b cb ff 52 10 84 c0 74 0d 48 8b c3 48 8b 


Register to memory mapping:

RAX=0x000000001e81f201 is pointing into the stack for thread: 0x000000001da81000
RBX=0x000000001da81000 is a thread
RCX=0x6e61656c6f003b00 is an unknown value
RDX=0x0000000000000000 is an unknown value
RSP=0x000000001e81f1c0 is pointing into the stack for thread: 0x000000001da81000
RBP=0x6e61656c6f003b00 is an unknown value
RSI=0x000000001e81f2d8 is pointing into the stack for thread: 0x000000001da81000
RDI=0x00000000024492b0 is an unknown value
R8 =0x000000001da81000 is a thread
R9 =0x0000000000000700 is an unknown value
R10=0x0000000000000000 is an unknown value
R11=0x0000024effff0000 is an unknown value
R12=0x0000000000000000 is an unknown value
R13=0x000000001da81c38 is an unknown value
R14=0x0000000000000000 is an unknown value
R15=0x0000000000000000 is an unknown value


Stack: [0x000000001e720000,0x000000001e820000],  sp=0x000000001e81f1c0,  free space=1020k
Native frames: (J=compiled Java code, j=interpreted, Vv=VM code, C=native code)
V  [jvm.dll+0x11a3c5]
V  [jvm.dll+0x33413d]
C  [jdwp.dll+0x21a09]
C  [jdwp.dll+0x53b3]
C  [jdwp.dll+0x5571]
C  [jdwp.dll+0xf09c]
C  [jdwp.dll+0x1f2c9]
C  [jdwp.dll+0x1f49e]
V  [jvm.dll+0x1abba8]
V  [jvm.dll+0x22bde4]
V  [jvm.dll+0x2852fa]
C  [msvcr100.dll+0x21d9f]
C  [msvcr100.dll+0x21e3b]
C  [kernel32.dll+0x159cd]
C  [ntdll.dll+0x5383d]


---------------  P R O C E S S  ---------------

Java Threads: ( => current thread )
  0x000000001db07800 JavaThread "Service Thread" daemon [_thread_blocked, id=13028, stack(0x000000001f070000,0x000000001f170000)]
  0x000000001dab9000 JavaThread "C1 CompilerThread2" daemon [_thread_blocked, id=13176, stack(0x000000001ef00000,0x000000001f000000)]
  0x000000001daa2000 JavaThread "C2 CompilerThread1" daemon [_thread_blocked, id=10876, stack(0x000000001ec30000,0x000000001ed30000)]
  0x000000001da9e000 JavaThread "C2 CompilerThread0" daemon [_thread_blocked, id=13132, stack(0x000000001e540000,0x000000001e640000)]
  0x000000001da8e000 JavaThread "JDWP Command Reader" daemon [_thread_in_native, id=12048, stack(0x000000001eb30000,0x000000001ec30000)]
  0x000000001da8b000 JavaThread "JDWP Event Helper Thread" daemon [_thread_blocked, id=12536, stack(0x000000001e970000,0x000000001ea70000)]
=>0x000000001da81000 JavaThread "JDWP Transport Listener: dt_socket" daemon [_thread_in_vm, id=10200, stack(0x000000001e720000,0x000000001e820000)]
  0x000000001da6c000 JavaThread "Attach Listener" daemon [_thread_blocked, id=5484, stack(0x000000001dfd0000,0x000000001e0d0000)]
  0x000000001da6b000 JavaThread "Signal Dispatcher" daemon [_thread_blocked, id=12448, stack(0x000000001de90000,0x000000001df90000)]
  0x000000001c3bc800 JavaThread "Finalizer" daemon [_thread_blocked, id=12908, stack(0x000000001d960000,0x000000001da60000)]
  0x000000001c3b4000 JavaThread "Reference Handler" daemon [_thread_blocked, id=12340, stack(0x000000001d7d0000,0x000000001d8d0000)]
  0x000000000234b000 JavaThread "main" [_thread_blocked, id=2524, stack(0x0000000002f80000,0x0000000003080000)]

Other Threads:
  0x000000001c3aa000 VMThread [stack: 0x000000001d530000,0x000000001d630000] [id=11868]
  0x000000001db32000 WatcherThread [stack: 0x000000001edc0000,0x000000001eec0000] [id=12180]

VM state:not at safepoint (normal execution)

VM Mutex/Monitor currently owned by a thread: None

Heap:
 PSYoungGen      total 75264K, used 7742K [0x000000076c380000, 0x0000000771780000, 0x00000007c0000000)
  eden space 64512K, 12% used [0x000000076c380000,0x000000076cb0fbc0,0x0000000770280000)
  from space 10752K, 0% used [0x0000000770d00000,0x0000000770d00000,0x0000000771780000)
  to   space 10752K, 0% used [0x0000000770280000,0x0000000770280000,0x0000000770d00000)
 ParOldGen       total 172032K, used 0K [0x00000006c4a00000, 0x00000006cf200000, 0x000000076c380000)
  object space 172032K, 0% used [0x00000006c4a00000,0x00000006c4a00000,0x00000006cf200000)
 Metaspace       used 4867K, capacity 5078K, committed 5248K, reserved 1056768K
  class space    used 546K, capacity 569K, committed 640K, reserved 1048576K

Card table byte_map: [0x0000000012440000,0x0000000012c20000] byte_map_base: 0x000000000ee1b000

Marking Bits: (ParMarkBitMap*) 0x0000000002c2d490
 Begin Bits: [0x0000000013490000, 0x0000000017368000)
 End Bits:   [0x0000000017368000, 0x000000001b240000)

Polling page: 0x0000000000120000

CodeCache: size=245760Kb used=1389Kb max_used=1389Kb free=244370Kb
 bounds [0x0000000003080000, 0x00000000032f0000, 0x0000000012080000]
 total_blobs=462 nmethods=168 adapters=216
 compilation: enabled

Compilation events (10 events):
Event: 0.777 Thread 0x000000001dab9000  161       3       java.lang.invoke.LambdaForm$Name::initIndex (26 bytes)
Event: 0.777 Thread 0x000000001dab9000 nmethod 161 0x00000000031d1ed0 code [0x00000000031d2020, 0x00000000031d2210]
Event: 0.778 Thread 0x000000001dab9000  162       1       java.lang.invoke.MethodTypeForm::erasedType (5 bytes)
Event: 0.778 Thread 0x000000001dab9000 nmethod 162 0x00000000031d2a10 code [0x00000000031d2b60, 0x00000000031d2c70]
Event: 0.785 Thread 0x000000001dab9000  163       3       java.lang.invoke.LambdaForm::typeClass (131 bytes)
Event: 0.785 Thread 0x000000001dab9000 nmethod 163 0x00000000031d2cd0 code [0x00000000031d2e40, 0x00000000031d3050]
Event: 0.785 Thread 0x000000001dab9000  164       3       jdk.internal.org.objectweb.asm.ByteVector::putInt (74 bytes)
Event: 0.786 Thread 0x000000001dab9000 nmethod 164 0x00000000031d33d0 code [0x00000000031d3540, 0x00000000031d37e8]
Event: 0.786 Thread 0x000000001dab9000  167       3       sun.invoke.util.Wrapper::forBasicType (90 bytes)
Event: 0.787 Thread 0x000000001dab9000 nmethod 167 0x00000000031d3990 code [0x00000000031d3c00, 0x00000000031d4af8]

GC Heap History (0 events):
No events

Deoptimization events (0 events):
No events

Internal exceptions (10 events):
Event: 9.803 Thread 0x000000000234b000 Exception <a 'java/security/PrivilegedActionException'> (0x000000076c951d58) thrown at [D:\re\workspace\8-2-build-windows-amd64-cygwin\jdk8u25\1677\hotspot\src\share\vm\prims\jvm.cpp, line 1312]
Event: 10.386 Thread 0x000000000234b000 Exception <a 'java/security/PrivilegedActionException'> (0x000000076ca14cf0) thrown at [D:\re\workspace\8-2-build-windows-amd64-cygwin\jdk8u25\1677\hotspot\src\share\vm\prims\jvm.cpp, line 1312]
Event: 10.399 Thread 0x000000000234b000 Exception <a 'java/security/PrivilegedActionException'> (0x000000076ca1c610) thrown at [D:\re\workspace\8-2-build-windows-amd64-cygwin\jdk8u25\1677\hotspot\src\share\vm\prims\jvm.cpp, line 1312]
Event: 10.408 Thread 0x000000000234b000 Exception <a 'java/security/PrivilegedActionException'> (0x000000076ca22750) thrown at [D:\re\workspace\8-2-build-windows-amd64-cygwin\jdk8u25\1677\hotspot\src\share\vm\prims\jvm.cpp, line 1312]
Event: 10.462 Thread 0x000000000234b000 Exception <a 'java/security/PrivilegedActionException'> (0x000000076ca3ad30) thrown at [D:\re\workspace\8-2-build-windows-amd64-cygwin\jdk8u25\1677\hotspot\src\share\vm\prims\jvm.cpp, line 1312]
Event: 10.471 Thread 0x000000000234b000 Exception <a 'java/security/PrivilegedActionException'> (0x000000076ca40520) thrown at [D:\re\workspace\8-2-build-windows-amd64-cygwin\jdk8u25\1677\hotspot\src\share\vm\prims\jvm.cpp, line 1312]
Event: 10.487 Thread 0x000000000234b000 Exception <a 'java/security/PrivilegedActionException'> (0x000000076ca4f2b8) thrown at [D:\re\workspace\8-2-build-windows-amd64-cygwin\jdk8u25\1677\hotspot\src\share\vm\prims\jvm.cpp, line 1312]
Event: 10.495 Thread 0x000000000234b000 Exception <a 'java/security/PrivilegedActionException'> (0x000000076ca553f8) thrown at [D:\re\workspace\8-2-build-windows-amd64-cygwin\jdk8u25\1677\hotspot\src\share\vm\prims\jvm.cpp, line 1312]
Event: 10.513 Thread 0x000000000234b000 Exception <a 'java/security/PrivilegedActionException'> (0x000000076ca5ca50) thrown at [D:\re\workspace\8-2-build-windows-amd64-cygwin\jdk8u25\1677\hotspot\src\share\vm\prims\jvm.cpp, line 1312]
Event: 10.527 Thread 0x000000000234b000 Exception <a 'java/security/PrivilegedActionException'> (0x000000076ca62d70) thrown at [D:\re\workspace\8-2-build-windows-amd64-cygwin\jdk8u25\1677\hotspot\src\share\vm\prims\jvm.cpp, line 1312]

Events (10 events):
Event: 101.616 Executing VM operation: GetOrSetLocal
Event: 101.617 Executing VM operation: GetOrSetLocal done
Event: 101.619 Executing VM operation: GetOrSetLocal
Event: 101.619 Executing VM operation: GetOrSetLocal done
Event: 101.625 Executing VM operation: GetOrSetLocal
Event: 101.625 Executing VM operation: GetOrSetLocal done
Event: 101.627 Executing VM operation: GetOrSetLocal
Event: 101.627 Executing VM operation: GetOrSetLocal done
Event: 664.982 Executing VM operation: RedefineClasses
Event: 664.984 Executing VM operation: RedefineClasses done


Dynamic libraries:
0x000000013f6b0000 - 0x000000013f6e4000 	C:\app\Java\jdk1.8.0_25\bin\javaw.exe
0x00000000772e0000 - 0x000000007747f000 	C:\Windows\SYSTEM32\ntdll.dll
0x00000000770c0000 - 0x00000000771df000 	C:\Windows\system32\kernel32.dll
0x000007fefd030000 - 0x000007fefd09a000 	C:\Windows\system32\KERNELBASE.dll
0x000007feff180000 - 0x000007feff25b000 	C:\Windows\system32\ADVAPI32.dll
0x000007feff350000 - 0x000007feff3ef000 	C:\Windows\system32\msvcrt.dll
0x000007fefd6a0000 - 0x000007fefd6bf000 	C:\Windows\SYSTEM32\sechost.dll
0x000007fefed50000 - 0x000007fefee7d000 	C:\Windows\system32\RPCRT4.dll
0x00000000771e0000 - 0x00000000772da000 	C:\Windows\system32\USER32.dll
0x000007feff260000 - 0x000007feff2c7000 	C:\Windows\system32\GDI32.dll
0x000007fefdd30000 - 0x000007fefdd3e000 	C:\Windows\system32\LPK.dll
0x000007fefef20000 - 0x000007fefefeb000 	C:\Windows\system32\USP10.dll
0x000007fefb6f0000 - 0x000007fefb8e4000 	C:\Windows\WinSxS\amd64_microsoft.windows.common-controls_6595b64144ccf1df_6.0.7601.18837_none_fa3b1e3d17594757\COMCTL32.dll
0x000007feff2d0000 - 0x000007feff341000 	C:\Windows\system32\SHLWAPI.dll
0x000007fefdd00000 - 0x000007fefdd2e000 	C:\Windows\system32\IMM32.DLL
0x000007fefdba0000 - 0x000007fefdca9000 	C:\Windows\system32\MSCTF.dll
0x000007fefcee0000 - 0x000007fefcf11000 	C:\Windows\system32\nvinitx.dll
0x000007fefced0000 - 0x000007fefcedc000 	C:\Windows\system32\VERSION.dll
0x0000000074480000 - 0x0000000074486000 	C:\Program Files\NVIDIA Corporation\CoProcManager\detoured.dll
0x000007fefa340000 - 0x000007fefa371000 	C:\Program Files\NVIDIA Corporation\CoProcManager\nvd3d9wrapx.dll
0x000007feff3f0000 - 0x000007feff5c7000 	C:\Windows\system32\SETUPAPI.dll
0x000007fefd310000 - 0x000007fefd346000 	C:\Windows\system32\CFGMGR32.dll
0x000007fefd6e0000 - 0x000007fefd7ba000 	C:\Windows\system32\OLEAUT32.dll
0x000007fefeb50000 - 0x000007fefed4d000 	C:\Windows\system32\ole32.dll
0x000007fefd010000 - 0x000007fefd02a000 	C:\Windows\system32\DEVOBJ.dll
0x000007fefa1f0000 - 0x000007fefa212000 	C:\Program Files\NVIDIA Corporation\CoProcManager\nvdxgiwrapx.dll
0x000000005b290000 - 0x000000005b362000 	C:\app\Java\jdk1.8.0_25\jre\bin\msvcr100.dll
0x0000000002450000 - 0x0000000002caa000 	C:\app\Java\jdk1.8.0_25\jre\bin\server\jvm.dll
0x000007fef7010000 - 0x000007fef7019000 	C:\Windows\system32\WSOCK32.dll
0x000007fefdcb0000 - 0x000007fefdcfd000 	C:\Windows\system32\WS2_32.dll
0x000007fefd860000 - 0x000007fefd868000 	C:\Windows\system32\NSI.dll
0x000007fefaa70000 - 0x000007fefaaab000 	C:\Windows\system32\WINMM.dll
0x0000000077490000 - 0x0000000077497000 	C:\Windows\system32\PSAPI.DLL
0x000000006d070000 - 0x000000006d07f000 	C:\app\Java\jdk1.8.0_25\jre\bin\verify.dll
0x000000006d040000 - 0x000000006d068000 	C:\app\Java\jdk1.8.0_25\jre\bin\java.dll
0x00000000618b0000 - 0x00000000618e5000 	C:\app\Java\jdk1.8.0_25\jre\bin\jdwp.dll
0x000000006e1b0000 - 0x000000006e1b8000 	C:\app\Java\jdk1.8.0_25\jre\bin\npt.dll
0x00000000530c0000 - 0x00000000530d6000 	C:\app\Java\jdk1.8.0_25\jre\bin\zip.dll
0x000007fefdd40000 - 0x000007fefeacb000 	C:\Windows\system32\SHELL32.dll
0x000007fefcfb0000 - 0x000007fefcfbf000 	C:\Windows\system32\profapi.dll
0x000000006ac70000 - 0x000000006ac79000 	C:\app\Java\jdk1.8.0_25\jre\bin\dt_socket.dll
0x000007fef6c40000 - 0x000007fef6c6d000 	C:\Program Files (x86)\Sangfor\SSL\ClientComponent2\SangforNspX64.dll
0x000007fefabd0000 - 0x000007fefabe5000 	C:\Windows\system32\NLAapi.dll
0x000007fef6c20000 - 0x000007fef6c35000 	C:\Windows\system32\napinsp.dll
0x000007fef6c00000 - 0x000007fef6c19000 	C:\Windows\system32\pnrpnsp.dll
0x000007fefc700000 - 0x000007fefc755000 	C:\Windows\System32\mswsock.dll
0x000007fefc580000 - 0x000007fefc5db000 	C:\Windows\system32\DNSAPI.dll
0x000007fef6bf0000 - 0x000007fef6bfb000 	C:\Windows\System32\winrnr.dll
0x000007fef6be0000 - 0x000007fef6bf0000 	C:\Windows\system32\wshbth.dll
0x000007fefb900000 - 0x000007fefb927000 	C:\Windows\system32\IPHLPAPI.DLL
0x000007fefb8f0000 - 0x000007fefb8fb000 	C:\Windows\system32\WINNSI.DLL
0x000007fef96e0000 - 0x000007fef9733000 	C:\Windows\System32\fwpuclnt.dll
0x000007fef5c50000 - 0x000007fef5c58000 	C:\Windows\system32\rasadhlp.dll
0x000007fefbf50000 - 0x000007fefc0ca000 	C:\Program Files (x86)\Sangfor\SSL\ClientComponent2\SangforTcpX64.dll
0x0000000002cb0000 - 0x0000000002ceb000 	C:\Windows\system32\WINTRUST.dll
0x000007fefd170000 - 0x000007fefd2dd000 	C:\Windows\system32\CRYPT32.dll
0x000007fefcfc0000 - 0x000007fefcfcf000 	C:\Windows\system32\MSASN1.dll
0x000007fefbf40000 - 0x000007fefbf47000 	C:\Windows\System32\wshtcpip.dll
0x00000000530a0000 - 0x00000000530ba000 	C:\app\Java\jdk1.8.0_25\jre\bin\net.dll
0x000007fefc6f0000 - 0x000007fefc6f7000 	C:\Windows\System32\wship6.dll
0x0000000053080000 - 0x0000000053091000 	C:\app\Java\jdk1.8.0_25\jre\bin\nio.dll
0x000007fef6de0000 - 0x000007fef6f05000 	C:\Windows\system32\dbghelp.dll

VM Arguments:
jvm_args: -agentlib:jdwp=transport=dt_socket,suspend=y,address=localhost:38655 -Dfile.encoding=UTF-8 
java_command: com.cttic.liugw.ordinary.lambda.StreamTest
java_class_path (initial): E:\git\basic-learn\liugw\target\classes;C:\app\Java\jdk1.7.0_65\lib\tools.jar;C:\Users\liugaowei\.m2\repository\org\apache\kafka\kafka-clients\0.10.1.0\kafka-clients-0.10.1.0.jar;C:\Users\liugaowei\.m2\repository\net\jpountz\lz4\lz4\1.3.0\lz4-1.3.0.jar;C:\Users\liugaowei\.m2\repository\org\xerial\snappy\snappy-java\1.1.2.6\snappy-java-1.1.2.6.jar;C:\Users\liugaowei\.m2\repository\org\slf4j\slf4j-api\1.6.6\slf4j-api-1.6.6.jar;C:\Users\liugaowei\.m2\repository\org\slf4j\slf4j-log4j12\1.6.6\slf4j-log4j12-1.6.6.jar;C:\Users\liugaowei\.m2\repository\log4j\log4j\1.2.16\log4j-1.2.16.jar;C:\Users\liugaowei\.m2\repository\org\apache\kafka\kafka-streams\0.10.0.0\kafka-streams-0.10.0.0.jar;C:\Users\liugaowei\.m2\repository\com\101tec\zkclient\0.8\zkclient-0.8.jar;C:\Users\liugaowei\.m2\repository\org\apache\kafka\connect-json\0.10.0.0\connect-json-0.10.0.0.jar;C:\Users\liugaowei\.m2\repository\org\apache\kafka\connect-api\0.10.0.0\connect-api-0.10.0.0.jar;C:\Users\liugaowei\.m2\repository\org\rocksdb\rocksdbjni\4.4.1\rocksdbjni-4.4.1.jar;C:\Users\liugaowei\.m2\repository\com\fasterxml\jackson\core\jackson-databind\2.6.3\jackson-databind-2.6.3.jar;C:\Users\liugaowei\.m2\repository\com\fasterxml\jackson\core\jackson-annotations\2.6.0\jackson-annotations-2.6.0.jar;C:\Users\liugaowei\.m2\repository\com\fasterxml\jackson\core\jackson-core\2.6.3\jackson-core-2.6.3.jar;C:\Users\liugaowei\.m2\repository\commons-lang\commons-lang\2.6\commons-lang-2.6.jar;C:\Users\liugaowei\.m2\repository\cglib\cglib\3.1\cglib-3.1.jar;C:\Users\liugaowei\.m2\repository\org\apache\curator\curator-framework\4.0.0\curator-framework-4.0.0.jar;C:\Users\liugaowei\.m2\repository\org\apache\curator\curator-client\4.0.0\curator-client-4.0.0.jar;C:\Users\liugaowei\.m2\repository\com\google\guava\guava\20.0\guava-20.0.jar;C:\Users\liugaowei\.m2\repository\org\apache\curator\curator-recipes\4.0.0\curator-recipes-4.0.0.jar;C:\Users\liugaowei\.m2\repository\org\apache\zookeeper\zookeeper\3
Launcher Type: SUN_STANDARD

Environment Variables:
JAVA_HOME=C:\app\Java\jdk1.8.0_25
CLASSPATH=.;C:\app\Java\jdk1.8.0_25\lib\dt.jar;C:\app\Java\jdk1.8.0_25\lib\tools.jar;
PATH=C:/app/Java/jdk1.8.0_25/bin/../jre/bin/server;C:/app/Java/jdk1.8.0_25/bin/../jre/bin;C:/app/Java/jdk1.8.0_25/bin/../jre/lib/amd64;C:\Program Files (x86)\Common Files\NetSarang;C:\app\Java\jdk1.8.0_25\bin;C:\Oracle\ora90\bin;C:\app\Python35\Scripts\;C:\app\Python35\;d:\Oracle\client\oracle9i\ora90\bin;D:\oracle\product\11.2.0\dbhome_1\bin;C:\Windows\system32;C:\Windows;C:\Windows\System32\Wbem;C:\Windows\System32\WindowsPowerShell\v1.0\;C:\Program Files (x86)\NVIDIA Corporation\PhysX\Common;C:\Program Files\Lenovo\Fingerprint Manager Pro\;C:\Program Files\Intel\WiFi\bin\;C:\Program Files\Common Files\Intel\WirelessCommon\;C:\Program Files (x86)\IDM Computer Solutions\UltraCompare;C:\Program Files\TortoiseSVN\bin;C:\Users\liugaowei\.dnx\bin;C:\Program Files\Microsoft DNX\Dnvm\;C:\Program Files\Microsoft SQL Server\120\Tools\Binn\;C:\Program Files\Microsoft SQL Server\130\Tools\Binn\;C:\Program Files (x86)\Windows Kits\10\Windows Performance Toolkit\;C:\app\Rational\common;D:\app\ultralEdit;C:\app\IDM Computer Solutions\UltraEdit;D:\app\lua5.1;D:\app\lua5.1\clibs;C:\app\unxutils-1.0\usr\local\wbin;D:\app\VisualSVN Server\bin;D:\app\scala\bin;C:\Gradle\gradle-4.3.1\bin;C:\app\Git\cmd;C:\app\Git\bin;D:\app\nodejs\;D:\app\sbt\bin;D:\app\sbt\bin;D:\app\hadoop-2.7.3\bin;D:\app\apache-ant-1.10.4\bin;d:\app\Anaconda2;d:\app\Anaconda2\Scripts;d:\app\Anaconda2\Library\bin;C:\Windows\SysWOW64\;C:\Program Files\Intel\WiFi\bin\;C:\Program Files\Common Files\Intel\WirelessCommon\;C:\app\Java\jdk1.8.0_25\bin;C:\app\Java\jdk1.8.0_25\jre\bin;C:\app\maven\apache-maven-3.3.9\bin;C:\app\Python35\Lib\site-packages\Django-1.8.13-py3.5.egg;C:\app\Python35\Scripts;D:\app\mysql\mysql-5.7.12-winx64\bin;C:\Users\liugaowei\AppData\Roaming\npm;C:\Users\liugaowei\Desktop;
USERNAME=liugaowei
OS=Windows_NT
PROCESSOR_IDENTIFIER=Intel64 Family 6 Model 61 Stepping 4, GenuineIntel



---------------  S Y S T E M  ---------------

OS: Windows 7 , 64 bit Build 7601 Service Pack 1

CPU:total 4 (2 cores per cpu, 2 threads per core) family 6 model 61 stepping 4, cmov, cx8, fxsr, mmx, sse, sse2, sse3, ssse3, sse4.1, sse4.2, popcnt, avx, avx2, clmul, erms, lzcnt, ht, tsc, tscinvbit, bmi1, bmi2

Memory: 4k page, physical 16466292k(9634004k free), swap 32930708k(21381572k free)

vm_info: Java HotSpot(TM) 64-Bit Server VM (25.25-b02) for windows-amd64 JRE (1.8.0_25-b18), built on Oct  7 2014 14:25:37 by "java_re" with MS VC++ 10.0 (VS2010)

time: Fri Jul 27 14:24:18 2018
elapsed time: 665 seconds (0d 0h 11m 5s)

